<?xml version="1.0" encoding="UTF-8"?>
<!-- Generated by org.testng.reporters.JUnitXMLReporter -->
<testsuite hostname="NT54S" ignored="0" name="Default test" tests="4" failures="0" timestamp="2020-05-20T19:55:17 CLT" time="9.314" errors="0">
  <testcase name="f" time="1.171" classname="pruebas.Laboratorio4_E1"/>
  <testcase name="ingreso" time="2.106" classname="pruebas.Laboratorio4_E1"/>
  <testcase name="ingreso" time="2.323" classname="pruebas.Laboratorio4_E1"/>
  <testcase name="ingreso" time="1.956" classname="pruebas.Laboratorio4_E1"/>
</testsuite> <!-- Default test -->
